-------------------------------------------------------------------------------
Test set: com.pdownton.reimbursementapp.service.AccountServiceTest
-------------------------------------------------------------------------------
Tests run: 6, Failures: 3, Errors: 0, Skipped: 0, Time elapsed: 0.482 sec <<< FAILURE!
com.pdownton.reimbursementapp.service.AccountServiceTest.testUpdateReimbursement()  Time elapsed: 0.057 sec  <<< FAILURE!
java.lang.RuntimeException: Uncompilable source code - Erroneous sym type: com.pdownton.reimbursementapp.service.AccountService.updateReimbursement
	at com.pdownton.reimbursementapp.service.AccountServiceTest.testUpdateReimbursement(AccountServiceTest.java:152)

com.pdownton.reimbursementapp.service.AccountServiceTest.testShowReimbursements()  Time elapsed: 0.057 sec  <<< FAILURE!
java.lang.RuntimeException: Uncompilable source code - Erroneous sym type: com.pdownton.reimbursementapp.service.AccountService.showReimbursements
	at com.pdownton.reimbursementapp.service.AccountServiceTest.testShowReimbursements(AccountServiceTest.java:111)

com.pdownton.reimbursementapp.service.AccountServiceTest.testCreateRequest()  Time elapsed: 0.06 sec  <<< FAILURE!
java.lang.RuntimeException: Uncompilable source code - Erroneous sym type: com.pdownton.reimbursementapp.service.AccountService.createRequest
	at com.pdownton.reimbursementapp.service.AccountServiceTest.testCreateRequest(AccountServiceTest.java:94)

