-------------------------------------------------------------------------------
Test set: com.pdownton.reimbursementapp.service.ReimbursementServiceTest
-------------------------------------------------------------------------------
Tests run: 4, Failures: 4, Errors: 0, Skipped: 0, Time elapsed: 0.001 sec <<< FAILURE!
com.pdownton.reimbursementapp.service.ReimbursementServiceTest.testGetReimbursement()  Time elapsed: 0 sec  <<< FAILURE!
java.lang.NullPointerException
	at com.pdownton.reimbursementapp.service.ReimbursementService.getReimbursement(ReimbursementService.java:32)
	at com.pdownton.reimbursementapp.service.ReimbursementServiceTest.testGetReimbursement(ReimbursementServiceTest.java:46)

com.pdownton.reimbursementapp.service.ReimbursementServiceTest.testCreate()  Time elapsed: 0 sec  <<< FAILURE!
java.lang.NullPointerException
	at com.pdownton.reimbursementapp.service.ReimbursementService.create(ReimbursementService.java:64)
	at com.pdownton.reimbursementapp.service.ReimbursementServiceTest.testCreate(ReimbursementServiceTest.java:75)

com.pdownton.reimbursementapp.service.ReimbursementServiceTest.testUpdateStatus()  Time elapsed: 0 sec  <<< FAILURE!
java.lang.NullPointerException
	at com.pdownton.reimbursementapp.service.ReimbursementService.getReimbursement(ReimbursementService.java:32)
	at com.pdownton.reimbursementapp.service.ReimbursementService.updateStatus(ReimbursementService.java:72)
	at com.pdownton.reimbursementapp.service.ReimbursementServiceTest.testUpdateStatus(ReimbursementServiceTest.java:92)

com.pdownton.reimbursementapp.service.ReimbursementServiceTest.testGetAll()  Time elapsed: 0 sec  <<< FAILURE!
java.lang.RuntimeException: Uncompilable source code - Erroneous sym type: com.pdownton.reimbursementapp.service.ReimbursementService.getAll
	at com.pdownton.reimbursementapp.service.ReimbursementServiceTest.testGetAll(ReimbursementServiceTest.java:60)

