<?xml version="1.0" encoding="UTF-8" ?>
<testsuite tests="4" failures="1" name="com.pdownton.reimbursementapp.service.ReimbursementServiceTest" time="0.806" errors="0" skipped="0">
  <properties>
[...]
</properties>
  <testcase classname="com.pdownton.reimbursementapp.service.ReimbursementServiceTest" name="com.pdownton.reimbursementapp.service.ReimbursementServiceTest.testGetReimbursements" time="0.127"/>
  <testcase classname="com.pdownton.reimbursementapp.service.ReimbursementServiceTest" name="com.pdownton.reimbursementapp.service.ReimbursementServiceTest.testGetReimbursement" time="0.061"/>
  <testcase classname="com.pdownton.reimbursementapp.service.ReimbursementServiceTest" name="com.pdownton.reimbursementapp.service.ReimbursementServiceTest.testCreate" time="0.489">
    <failure type="java.lang.NullPointerException">java.lang.NullPointerException
	at com.pdownton.reimbursementapp.repository.ReimbursementRepository.save(ReimbursementRepository.java:79)
	at com.pdownton.reimbursementapp.service.ReimbursementService.create(ReimbursementService.java:79)
	at com.pdownton.reimbursementapp.service.ReimbursementServiceTest.testCreate(ReimbursementServiceTest.java:82)
</failure>
    <system-out>=================================================
Method: create
Conditions: Valid reimbursement.
</system-out>
    <system-err>Sep 17, 2021 12:53:41 PM org.hibernate.Version logVersion
INFO: HHH000412: Hibernate ORM core version 5.5.7.Final
java.lang.NullPointerException
	at com.pdownton.reimbursementapp.repository.ReimbursementRepository.save(ReimbursementRepository.java:83)
	at com.pdownton.reimbursementapp.service.ReimbursementService.create(ReimbursementService.java:79)
	at com.pdownton.reimbursementapp.service.ReimbursementServiceTest.testCreate(ReimbursementServiceTest.java:82)
	at java.base/jdk.internal.reflect.NativeMethodAccessorImpl.invoke0(Native Method)
	at java.base/jdk.internal.reflect.NativeMethodAccessorImpl.invoke(NativeMethodAccessorImpl.java:62)
	at java.base/jdk.internal.reflect.DelegatingMethodAccessorImpl.invoke(DelegatingMethodAccessorImpl.java:43)
	at java.base/java.lang.reflect.Method.invoke(Method.java:564)
	at org.apache.maven.surefire.junit.PojoTestSet.executeTestMethod(PojoTestSet.java:151)
	at org.apache.maven.surefire.junit.PojoTestSet.executeTestMethods(PojoTestSet.java:102)
	at org.apache.maven.surefire.junit.PojoTestSet.execute(PojoTestSet.java:83)
	at org.apache.maven.surefire.junit.JUnit3Provider.executeTestSet(JUnit3Provider.java:121)
	at org.apache.maven.surefire.junit.JUnit3Provider.invoke(JUnit3Provider.java:98)
	at java.base/jdk.internal.reflect.NativeMethodAccessorImpl.invoke0(Native Method)
	at java.base/jdk.internal.reflect.NativeMethodAccessorImpl.invoke(NativeMethodAccessorImpl.java:62)
	at java.base/jdk.internal.reflect.DelegatingMethodAccessorImpl.invoke(DelegatingMethodAccessorImpl.java:43)
	at java.base/java.lang.reflect.Method.invoke(Method.java:564)
	at org.apache.maven.surefire.util.ReflectionUtils.invokeMethodWithArray(ReflectionUtils.java:189)
	at org.apache.maven.surefire.booter.ProviderFactory$ProviderProxy.invoke(ProviderFactory.java:165)
	at org.apache.maven.surefire.booter.ProviderFactory.invokeProvider(ProviderFactory.java:85)
	at org.apache.maven.surefire.booter.ForkedBooter.runSuitesInProcess(ForkedBooter.java:115)
	at org.apache.maven.surefire.booter.ForkedBooter.main(ForkedBooter.java:75)
</system-err>
  </testcase>
  <testcase classname="com.pdownton.reimbursementapp.service.ReimbursementServiceTest" name="com.pdownton.reimbursementapp.service.ReimbursementServiceTest.testUpdate" time="0.129"/>
</testsuite>